#
# There is insufficient memory for the Java Runtime Environment to continue.
# Native memory allocation (mmap) failed to map 266338304 bytes for G1 virtual space
# Possible reasons:
#   The system is out of physical RAM or swap space
#   The process is running with CompressedOops enabled, and the Java Heap may be blocking the growth of the native heap
# Possible solutions:
#   Reduce memory load on the system
#   Increase physical memory or swap space
#   Check if swap backing store is full
#   Decrease Java heap size (-Xmx/-Xms)
#   Decrease number of Java threads
#   Decrease Java thread stack sizes (-Xss)
#   Set larger code cache with -XX:ReservedCodeCacheSize=
#   JVM is running with Zero Based Compressed Oops mode in which the Java heap is
#     placed in the first 32GB address space. The Java Heap base address is the
#     maximum limit for the native heap growth. Please use -XX:HeapBaseMinAddress
#     to set the Java Heap base and to place the Java Heap above 32GB virtual address.
# This output file may be truncated or incomplete.
#
#  Out of Memory Error (os_windows.cpp:3548), pid=5944, tid=27512
#
# JRE version:  (17.0.5+8) (build )
# Java VM: OpenJDK 64-Bit Server VM (17.0.5+8, mixed mode, sharing, tiered, compressed oops, compressed class ptrs, g1 gc, windows-amd64)
# No core dump will be written. Minidumps are not enabled by default on client versions of Windows
#

---------------  S U M M A R Y ------------

Command Line: -Dfile.encoding=UTF-8 --module-path=D:\dev\git\TAbootcamp22\java\bin -XX:+ShowCodeDetailsInExceptionMessages -Djdk.module.main=homework homework/com.delivery.Delivery

Host: Intel(R) Core(TM) i5-10300H CPU @ 2.50GHz, 8 cores, 15G,  Windows 10 , 64 bit Build 19041 (10.0.19041.2251)
Time: Tue Nov 22 03:16:49 2022 Hora estándar de Argentina elapsed time: 0.013904 seconds (0d 0h 0m 0s)

---------------  T H R E A D  ---------------

Current thread (0x0000025ead9ca910):  JavaThread "Unknown thread" [_thread_in_vm, id=27512, stack(0x00000071a3800000,0x00000071a3900000)]

Stack: [0x00000071a3800000,0x00000071a3900000]
Native frames: (J=compiled Java code, j=interpreted, Vv=VM code, C=native code)
V  [jvm.dll+0x676b3a]
V  [jvm.dll+0x831444]
V  [jvm.dll+0x832bee]
V  [jvm.dll+0x833253]
V  [jvm.dll+0x244ce5]
V  [jvm.dll+0x673a49]
V  [jvm.dll+0x66811a]
V  [jvm.dll+0x303ceb]
V  [jvm.dll+0x30b1e6]
V  [jvm.dll+0x35adbe]
V  [jvm.dll+0x35afef]
V  [jvm.dll+0x2dab88]
V  [jvm.dll+0x2dbaf4]
V  [jvm.dll+0x803121]
V  [jvm.dll+0x368bb1]
V  [jvm.dll+0x7e265c]
V  [jvm.dll+0x3eb17f]
V  [jvm.dll+0x3eccc1]
C  [jli.dll+0x5267]
C  [ucrtbase.dll+0x21bb2]
C  [KERNEL32.DLL+0x174b4]
C  [ntdll.dll+0x526a1]


---------------  P R O C E S S  ---------------

Threads class SMR info:
_java_thread_list=0x00007ff926752f18, length=0, elements={
}

Java Threads: ( => current thread )

Other Threads:
  0x0000025eada356d0 GCTaskThread "GC Thread#0" [stack: 0x00000071a3900000,0x00000071a3a00000] [id=25304]
  0x0000025eada46bb0 ConcurrentGCThread "G1 Main Marker" [stack: 0x00000071a3a00000,0x00000071a3b00000] [id=26572]
  0x0000025eada475c0 ConcurrentGCThread "G1 Conc#0" [stack: 0x00000071a3b00000,0x00000071a3c00000] [id=4084]

[error occurred during error reporting (printing all threads), id 0xc0000005, EXCEPTION_ACCESS_VIOLATION (0xc0000005) at pc=0x00007ff925f2b617]

VM state: not at safepoint (not fully initialized)

VM Mutex/Monitor currently owned by a thread:  ([mutex/lock_event])
[0x0000025ead9c5160] Heap_lock - owner thread: 0x0000025ead9ca910

Heap address: 0x0000000702000000, size: 4064 MB, Compressed Oops mode: Zero based, Oop shift amount: 3

CDS archive(s) mapped at: [0x0000000000000000-0x0000000000000000-0x0000000000000000), size 0, SharedBaseAddress: 0x0000000800000000, ArchiveRelocationMode: 0.
Narrow klass base: 0x0000000000000000, Narrow klass shift: 0, Narrow klass range: 0x0

GC Precious Log:
<Empty>

Heap:
 garbage-first heap   total 0K, used 0K [0x0000000702000000, 0x0000000800000000)
  region size 2048K, 0 young (0K), 0 survivors (0K)

[error occurred during error reporting (printing heap information), id 0xc0000005, EXCEPTION_ACCESS_VIOLATION (0xc0000005) at pc=0x00007ff92630fcb9]

GC Heap History (0 events):
No events

Dll operation events (1 events):
Event: 0.008 Loaded shared library C:\Users\em4go\.p2\pool\plugins\org.eclipse.justj.openjdk.hotspot.jre.full.win32.x86_64_17.0.5.v20221102-0933\jre\bin\java.dll

Deoptimization events (0 events):
No events

Classes unloaded (0 events):
No events

Classes redefined (0 events):
No events

Internal exceptions (0 events):
No events

VM Operations (0 events):
No events

Events (0 events):
No events


Dynamic libraries:
0x00007ff6ebc70000 - 0x00007ff6ebc7e000 	C:\Users\em4go\.p2\pool\plugins\org.eclipse.justj.openjdk.hotspot.jre.full.win32.x86_64_17.0.5.v20221102-0933\jre\bin\javaw.exe
0x00007ff9bac90000 - 0x00007ff9bae88000 	C:\WINDOWS\SYSTEM32\ntdll.dll
0x00007ff9ba9c0000 - 0x00007ff9baa7f000 	C:\WINDOWS\System32\KERNEL32.DLL
0x00007ff9b87a0000 - 0x00007ff9b8a72000 	C:\WINDOWS\System32\KERNELBASE.dll
0x00007ff9b8b40000 - 0x00007ff9b8c40000 	C:\WINDOWS\System32\ucrtbase.dll
0x00007ff9b3630000 - 0x00007ff9b3647000 	C:\Users\em4go\.p2\pool\plugins\org.eclipse.justj.openjdk.hotspot.jre.full.win32.x86_64_17.0.5.v20221102-0933\jre\bin\jli.dll
0x00007ff9b55f0000 - 0x00007ff9b5609000 	C:\Users\em4go\.p2\pool\plugins\org.eclipse.justj.openjdk.hotspot.jre.full.win32.x86_64_17.0.5.v20221102-0933\jre\bin\VCRUNTIME140.dll
0x00007ff9b9010000 - 0x00007ff9b91ad000 	C:\WINDOWS\System32\USER32.dll
0x00007ff9b8a80000 - 0x00007ff9b8aa2000 	C:\WINDOWS\System32\win32u.dll
0x00007ff99fce0000 - 0x00007ff99ff7a000 	C:\WINDOWS\WinSxS\amd64_microsoft.windows.common-controls_6595b64144ccf1df_6.0.19041.1110_none_60b5254171f9507e\COMCTL32.dll
0x00007ff9b91b0000 - 0x00007ff9b91db000 	C:\WINDOWS\System32\GDI32.dll
0x00007ff9b8d20000 - 0x00007ff9b8dbe000 	C:\WINDOWS\System32\msvcrt.dll
0x00007ff9b85e0000 - 0x00007ff9b86ef000 	C:\WINDOWS\System32\gdi32full.dll
0x00007ff9b8c40000 - 0x00007ff9b8cdd000 	C:\WINDOWS\System32\msvcp_win.dll
0x00007ff9b8ce0000 - 0x00007ff9b8d12000 	C:\WINDOWS\System32\IMM32.DLL
0x00007ff9b55e0000 - 0x00007ff9b55ec000 	C:\Users\em4go\.p2\pool\plugins\org.eclipse.justj.openjdk.hotspot.jre.full.win32.x86_64_17.0.5.v20221102-0933\jre\bin\vcruntime140_1.dll
0x00007ff9914e0000 - 0x00007ff991571000 	C:\Users\em4go\.p2\pool\plugins\org.eclipse.justj.openjdk.hotspot.jre.full.win32.x86_64_17.0.5.v20221102-0933\jre\bin\msvcp140.dll
0x00007ff925c40000 - 0x00007ff926884000 	C:\Users\em4go\.p2\pool\plugins\org.eclipse.justj.openjdk.hotspot.jre.full.win32.x86_64_17.0.5.v20221102-0933\jre\bin\server\jvm.dll
0x00007ff9ba5b0000 - 0x00007ff9ba65e000 	C:\WINDOWS\System32\ADVAPI32.dll
0x00007ff9ba460000 - 0x00007ff9ba4fc000 	C:\WINDOWS\System32\sechost.dll
0x00007ff9ba240000 - 0x00007ff9ba365000 	C:\WINDOWS\System32\RPCRT4.dll
0x00007ff9b4b40000 - 0x00007ff9b4b49000 	C:\WINDOWS\SYSTEM32\WSOCK32.dll
0x00007ff9b2340000 - 0x00007ff9b234a000 	C:\WINDOWS\SYSTEM32\VERSION.dll
0x00007ff9ba150000 - 0x00007ff9ba1bb000 	C:\WINDOWS\System32\WS2_32.dll
0x00007ff9a4ca0000 - 0x00007ff9a4cc7000 	C:\WINDOWS\SYSTEM32\WINMM.dll
0x00007ff9b6be0000 - 0x00007ff9b6bf2000 	C:\WINDOWS\SYSTEM32\kernel.appcore.dll
0x00007ff9b2f70000 - 0x00007ff9b2f7a000 	C:\Users\em4go\.p2\pool\plugins\org.eclipse.justj.openjdk.hotspot.jre.full.win32.x86_64_17.0.5.v20221102-0933\jre\bin\jimage.dll
0x00007ff9b6150000 - 0x00007ff9b6334000 	C:\WINDOWS\SYSTEM32\DBGHELP.DLL
0x00007ff99bc00000 - 0x00007ff99bc2c000 	C:\WINDOWS\SYSTEM32\dbgcore.DLL
0x00007ff9b8ab0000 - 0x00007ff9b8b32000 	C:\WINDOWS\System32\bcryptPrimitives.dll
0x00007ff9b2860000 - 0x00007ff9b2885000 	C:\Users\em4go\.p2\pool\plugins\org.eclipse.justj.openjdk.hotspot.jre.full.win32.x86_64_17.0.5.v20221102-0933\jre\bin\java.dll

dbghelp: loaded successfully - version: 4.0.5 - missing functions: none
symbol engine: initialized successfully - sym options: 0x614 - pdb path: .;C:\Users\em4go\.p2\pool\plugins\org.eclipse.justj.openjdk.hotspot.jre.full.win32.x86_64_17.0.5.v20221102-0933\jre\bin;C:\WINDOWS\SYSTEM32;C:\WINDOWS\WinSxS\amd64_microsoft.windows.common-controls_6595b64144ccf1df_6.0.19041.1110_none_60b5254171f9507e;C:\Users\em4go\.p2\pool\plugins\org.eclipse.justj.openjdk.hotspot.jre.full.win32.x86_64_17.0.5.v20221102-0933\jre\bin\server

VM Arguments:
jvm_args: -Dfile.encoding=UTF-8 --module-path=D:\dev\git\TAbootcamp22\java\bin -XX:+ShowCodeDetailsInExceptionMessages -Djdk.module.main=homework 
java_command: homework/com.delivery.Delivery
java_class_path (initial): <not set>
Launcher Type: SUN_STANDARD

[Global flags]
     intx CICompilerCount                          = 4                                         {product} {ergonomic}
     uint ConcGCThreads                            = 2                                         {product} {ergonomic}
     uint G1ConcRefinementThreads                  = 8                                         {product} {ergonomic}
   size_t G1HeapRegionSize                         = 2097152                                   {product} {ergonomic}
    uintx GCDrainStackTargetSize                   = 64                                        {product} {ergonomic}
   size_t InitialHeapSize                          = 266338304                                 {product} {ergonomic}
   size_t MarkStackSize                            = 4194304                                   {product} {ergonomic}
   size_t MaxHeapSize                              = 4261412864                                {product} {ergonomic}
   size_t MinHeapDeltaBytes                        = 2097152                                   {product} {ergonomic}
   size_t MinHeapSize                              = 8388608                                   {product} {ergonomic}
    uintx NonNMethodCodeHeapSize                   = 5839372                                {pd product} {ergonomic}
    uintx NonProfiledCodeHeapSize                  = 122909434                              {pd product} {ergonomic}
    uintx ProfiledCodeHeapSize                     = 122909434                              {pd product} {ergonomic}
    uintx ReservedCodeCacheSize                    = 251658240                              {pd product} {ergonomic}
     bool SegmentedCodeCache                       = true                                      {product} {ergonomic}
     bool ShowCodeDetailsInExceptionMessages       = true                                   {manageable} {command line}
   size_t SoftMaxHeapSize                          = 4261412864                             {manageable} {ergonomic}
     bool UseCompressedClassPointers               = true                           {product lp64_product} {ergonomic}
     bool UseCompressedOops                        = true                           {product lp64_product} {ergonomic}
     bool UseG1GC                                  = true                                      {product} {ergonomic}
     bool UseLargePagesIndividualAllocation        = false                                  {pd product} {ergonomic}

Logging:
Log output configuration:
 #0: stdout all=warning uptime,level,tags
 #1: stderr all=off uptime,level,tags

Environment Variables:
JAVA_HOME=D:\dev\Java\jdk-11.0.16.1
PATH=C:/Users/em4go/.p2/pool/plugins/org.eclipse.justj.openjdk.hotspot.jre.full.win32.x86_64_17.0.5.v20221102-0933/jre/bin/server;C:/Users/em4go/.p2/pool/plugins/org.eclipse.justj.openjdk.hotspot.jre.full.win32.x86_64_17.0.5.v20221102-0933/jre/bin;C:\Windows\system32;C:\Windows;C:\Windows\System32\Wbem;C:\Windows\System32\WindowsPowerShell\v1.0\;C:\Windows\System32\OpenSSH\;C:\Program Files (x86)\NVIDIA Corporation\PhysX\Common;C:\Program Files\NVIDIA Corporation\NVIDIA NvDLISR;C:\WINDOWS\system32;C:\WINDOWS;C:\WINDOWS\System32\Wbem;C:\WINDOWS\System32\WindowsPowerShell\v1.0\;C:\WINDOWS\System32\OpenSSH\;C:\Program Files\dotnet\;D:\dev\Java\jdk-11.0.16.1\bin;%JAVA_HOME%\bin;C:\Program Files\Git\cmd;C:\Users\em4go\AppData\Local\Microsoft\WindowsApps;C:\Users\em4go\AppData\Local\GitHubDesktop\bin;C:\Users\em4go\Desktop;
USERNAME=em4go
OS=Windows_NT
PROCESSOR_IDENTIFIER=Intel64 Family 6 Model 165 Stepping 2, GenuineIntel
TMP=C:\Users\em4go\AppData\Local\Temp
TEMP=C:\Users\em4go\AppData\Local\Temp



---------------  S Y S T E M  ---------------

OS:
 Windows 10 , 64 bit Build 19041 (10.0.19041.2251)
OS uptime: 9 days 12:58 hours

CPU: total 8 (initial active 8) (4 cores per cpu, 2 threads per core) family 6 model 165 stepping 2 microcode 0xec, cx8, cmov, fxsr, ht, mmx, 3dnowpref, sse, sse2, sse3, ssse3, sse4.1, sse4.2, popcnt, lzcnt, tsc, tscinvbit, avx, avx2, aes, erms, clmul, bmi1, bmi2, adx, fma, vzeroupper, clflush, clflushopt

Memory: 4k page, system-wide physical 16251M (1112M free)
TotalPageFile size 31355M (AvailPageFile size 243M)
current process WorkingSet (physical memory assigned to process): 10M, peak: 10M
current process commit charge ("private bytes"): 60M, peak: 314M

vm_info: OpenJDK 64-Bit Server VM (17.0.5+8) for windows-amd64 JRE (17.0.5+8), built on Oct 19 2022 04:48:13 by "temurin" with MS VC++ 16.7 (VS2019)

END.
